Request method:	GET
Request URI:	https://postman-echo.com/get
Proxy:			<none>
Request params:	<none>
Query params:	<none>
Form params:	<none>
Path params:	<none>
Headers:		Accept=*/*
Cookies:		<none>
Multiparts:		<none>
Body:			<none>
HTTP/1.1 200 OK
Date: Tue, 29 Nov 2022 08:40:09 GMT
Content-Type: application/json; charset=utf-8
Content-Length: 302
Connection: keep-alive
ETag: W/"12e-cYrqHj2LWO3REL0c15s9Im7pv7Q"
Vary: Accept-Encoding
set-cookie: sails.sid=s%3ALoiJRu3PTcaD9W98VIJ6qA4yELn39a1L.op4%2B1pc4INpY%2FpLxW%2FpmQMo7hiPk9NNt6Os2RyHskWI; Path=/; HttpOnly

{
    "args": {
        
    },
    "headers": {
        "x-forwarded-proto": "https",
        "x-forwarded-port": "443",
        "host": "postman-echo.com",
        "x-amzn-trace-id": "Root=1-6385c569-75bbf99c6749738e7649524e",
        "accept": "*/*",
        "user-agent": "Apache-HttpClient/4.5.13 (Java/19.0.1)",
        "accept-encoding": "gzip,deflate"
    },
    "url": "https://postman-echo.com/get"
}
